  pch.cpp
  AssemblyInfo.cpp
  VC_ACY.cpp
C:\Users\Student\Desktop\VC_ACY\VC_ACY.cpp(74,1): warning C4996: 'fopen': This function or variable may be unsafe. Consider using fopen_s instead. To disable deprecation, use _CRT_SECURE_NO_WARNINGS. See online help for details.
C:\Program Files (x86)\Windows Kits\10\Include\10.0.18362.0\ucrt\stdio.h(208): message : см. объявление "fopen"
C:\Users\Student\Desktop\VC_ACY\VC_ACY.cpp(77,1): warning C4996: 'getch': The POSIX name for this item is deprecated. Instead, use the ISO C and C++ conformant name: _getch. See online help for details.
C:\Program Files (x86)\Windows Kits\10\Include\10.0.18362.0\ucrt\conio.h(453): message : см. объявление "getch"
C:\Users\Student\Desktop\VC_ACY\VC_ACY.cpp(80,1): warning C4996: 'fscanf': This function or variable may be unsafe. Consider using fscanf_s instead. To disable deprecation, use _CRT_SECURE_NO_WARNINGS. See online help for details.
C:\Program Files (x86)\Windows Kits\10\Include\10.0.18362.0\ucrt\stdio.h(1197): message : см. объявление "fscanf"
C:\Users\Student\Desktop\VC_ACY\VC_ACY.cpp(84,1): warning C4996: 'fscanf': This function or variable may be unsafe. Consider using fscanf_s instead. To disable deprecation, use _CRT_SECURE_NO_WARNINGS. See online help for details.
C:\Program Files (x86)\Windows Kits\10\Include\10.0.18362.0\ucrt\stdio.h(1197): message : см. объявление "fscanf"
C:\Users\Student\Desktop\VC_ACY\VC_ACY.cpp(166,1): warning C4996: 'getch': The POSIX name for this item is deprecated. Instead, use the ISO C and C++ conformant name: _getch. See online help for details.
C:\Program Files (x86)\Windows Kits\10\Include\10.0.18362.0\ucrt\conio.h(453): message : см. объявление "getch"
C:\Users\Student\Desktop\VC_ACY\VC_ACY.cpp(176,1): warning C4996: 'strcpy': This function or variable may be unsafe. Consider using strcpy_s instead. To disable deprecation, use _CRT_SECURE_NO_WARNINGS. See online help for details.
C:\Program Files (x86)\Windows Kits\10\Include\10.0.18362.0\ucrt\string.h(133): message : см. объявление "strcpy"
C:\Users\Student\Desktop\VC_ACY\VC_ACY.cpp(181,1): warning C4996: 'strcpy': This function or variable may be unsafe. Consider using strcpy_s instead. To disable deprecation, use _CRT_SECURE_NO_WARNINGS. See online help for details.
C:\Program Files (x86)\Windows Kits\10\Include\10.0.18362.0\ucrt\string.h(133): message : см. объявление "strcpy"
C:\Users\Student\Desktop\VC_ACY\VC_ACY.cpp(198,1): warning C4996: 'strcpy': This function or variable may be unsafe. Consider using strcpy_s instead. To disable deprecation, use _CRT_SECURE_NO_WARNINGS. See online help for details.
C:\Program Files (x86)\Windows Kits\10\Include\10.0.18362.0\ucrt\string.h(133): message : см. объявление "strcpy"
C:\Users\Student\Desktop\VC_ACY\VC_ACY.cpp(203,1): warning C4996: 'strcpy': This function or variable may be unsafe. Consider using strcpy_s instead. To disable deprecation, use _CRT_SECURE_NO_WARNINGS. See online help for details.
C:\Program Files (x86)\Windows Kits\10\Include\10.0.18362.0\ucrt\string.h(133): message : см. объявление "strcpy"
C:\Users\Student\Desktop\VC_ACY\VC_ACY.cpp(224,1): warning C4996: 'strcpy': This function or variable may be unsafe. Consider using strcpy_s instead. To disable deprecation, use _CRT_SECURE_NO_WARNINGS. See online help for details.
C:\Program Files (x86)\Windows Kits\10\Include\10.0.18362.0\ucrt\string.h(133): message : см. объявление "strcpy"
C:\Users\Student\Desktop\VC_ACY\VC_ACY.cpp(225,1): warning C4996: 'strcat': This function or variable may be unsafe. Consider using strcat_s instead. To disable deprecation, use _CRT_SECURE_NO_WARNINGS. See online help for details.
C:\Program Files (x86)\Windows Kits\10\Include\10.0.18362.0\ucrt\string.h(90): message : см. объявление "strcat"
C:\Users\Student\Desktop\VC_ACY\VC_ACY.cpp(226,1): warning C4996: 'strncpy': This function or variable may be unsafe. Consider using strncpy_s instead. To disable deprecation, use _CRT_SECURE_NO_WARNINGS. See online help for details.
C:\Program Files (x86)\Windows Kits\10\Include\10.0.18362.0\ucrt\string.h(338): message : см. объявление "strncpy"
C:\Users\Student\Desktop\VC_ACY\VC_ACY.cpp(228,1): warning C4996: 'strcat': This function or variable may be unsafe. Consider using strcat_s instead. To disable deprecation, use _CRT_SECURE_NO_WARNINGS. See online help for details.
C:\Program Files (x86)\Windows Kits\10\Include\10.0.18362.0\ucrt\string.h(90): message : см. объявление "strcat"
C:\Users\Student\Desktop\VC_ACY\VC_ACY.cpp(229,1): warning C4996: 'strcat': This function or variable may be unsafe. Consider using strcat_s instead. To disable deprecation, use _CRT_SECURE_NO_WARNINGS. See online help for details.
C:\Program Files (x86)\Windows Kits\10\Include\10.0.18362.0\ucrt\string.h(90): message : см. объявление "strcat"
C:\Users\Student\Desktop\VC_ACY\VC_ACY.cpp(230,1): warning C4996: 'strncat': This function or variable may be unsafe. Consider using strncat_s instead. To disable deprecation, use _CRT_SECURE_NO_WARNINGS. See online help for details.
C:\Program Files (x86)\Windows Kits\10\Include\10.0.18362.0\ucrt\string.h(266): message : см. объявление "strncat"
C:\Users\Student\Desktop\VC_ACY\VC_ACY.cpp(307,1): warning C4996: 'strcpy': This function or variable may be unsafe. Consider using strcpy_s instead. To disable deprecation, use _CRT_SECURE_NO_WARNINGS. See online help for details.
C:\Program Files (x86)\Windows Kits\10\Include\10.0.18362.0\ucrt\string.h(133): message : см. объявление "strcpy"
C:\Users\Student\Desktop\VC_ACY\VC_ACY.cpp(345,1): warning C4996: 'sprintf': This function or variable may be unsafe. Consider using sprintf_s instead. To disable deprecation, use _CRT_SECURE_NO_WARNINGS. See online help for details.
C:\Program Files (x86)\Windows Kits\10\Include\10.0.18362.0\ucrt\stdio.h(1774): message : см. объявление "sprintf"
C:\Users\Student\Desktop\VC_ACY\VC_ACY.cpp(346,1): warning C4996: 'sprintf': This function or variable may be unsafe. Consider using sprintf_s instead. To disable deprecation, use _CRT_SECURE_NO_WARNINGS. See online help for details.
C:\Program Files (x86)\Windows Kits\10\Include\10.0.18362.0\ucrt\stdio.h(1774): message : см. объявление "sprintf"
C:\Users\Student\Desktop\VC_ACY\VC_ACY.cpp(329,21): warning C4101: s: неиспользованная локальная переменная
  Создание кода...
  .NETFramework,Version=v4.7.2.AssemblyAttributes.cpp
  AssemblyInfo.obj : обнаружен модуль MSIL; для MSIL последовательная компоновка отключена; выполняется полная компоновка
  VC_ACY.vcxproj -> C:\Users\Student\Desktop\VC_ACY\x64\Debug\VC_ACY.exe
