  pch.cpp
  AssemblyInfo.cpp
  VC_ACY.cpp
C:\Users\Максим\source\repos\VC_ACY\VC_ACY.cpp(68,1): warning C4996: 'fopen': This function or variable may be unsafe. Consider using fopen_s instead. To disable deprecation, use _CRT_SECURE_NO_WARNINGS. See online help for details.
C:\Program Files (x86)\Windows Kits\10\Include\10.0.18362.0\ucrt\stdio.h(208): message : см. объявление "fopen"
C:\Users\Максим\source\repos\VC_ACY\VC_ACY.cpp(71,1): warning C4996: 'getch': The POSIX name for this item is deprecated. Instead, use the ISO C and C++ conformant name: _getch. See online help for details.
C:\Program Files (x86)\Windows Kits\10\Include\10.0.18362.0\ucrt\conio.h(453): message : см. объявление "getch"
C:\Users\Максим\source\repos\VC_ACY\VC_ACY.cpp(74,1): warning C4996: 'fscanf': This function or variable may be unsafe. Consider using fscanf_s instead. To disable deprecation, use _CRT_SECURE_NO_WARNINGS. See online help for details.
C:\Program Files (x86)\Windows Kits\10\Include\10.0.18362.0\ucrt\stdio.h(1197): message : см. объявление "fscanf"
C:\Users\Максим\source\repos\VC_ACY\VC_ACY.cpp(78,1): warning C4996: 'fscanf': This function or variable may be unsafe. Consider using fscanf_s instead. To disable deprecation, use _CRT_SECURE_NO_WARNINGS. See online help for details.
C:\Program Files (x86)\Windows Kits\10\Include\10.0.18362.0\ucrt\stdio.h(1197): message : см. объявление "fscanf"
C:\Users\Максим\source\repos\VC_ACY\VC_ACY.cpp(86,1): warning C4996: 'getch': The POSIX name for this item is deprecated. Instead, use the ISO C and C++ conformant name: _getch. See online help for details.
C:\Program Files (x86)\Windows Kits\10\Include\10.0.18362.0\ucrt\conio.h(453): message : см. объявление "getch"
C:\Users\Максим\source\repos\VC_ACY\VC_ACY.cpp(148,1): warning C4996: 'getch': The POSIX name for this item is deprecated. Instead, use the ISO C and C++ conformant name: _getch. See online help for details.
C:\Program Files (x86)\Windows Kits\10\Include\10.0.18362.0\ucrt\conio.h(453): message : см. объявление "getch"
C:\Users\Максим\source\repos\VC_ACY\VC_ACY.cpp(158,2): warning C4996: 'strcpy': This function or variable may be unsafe. Consider using strcpy_s instead. To disable deprecation, use _CRT_SECURE_NO_WARNINGS. See online help for details.
C:\Program Files (x86)\Windows Kits\10\Include\10.0.18362.0\ucrt\string.h(133): message : см. объявление "strcpy"
C:\Users\Максим\source\repos\VC_ACY\VC_ACY.cpp(163,4): warning C4996: 'strcpy': This function or variable may be unsafe. Consider using strcpy_s instead. To disable deprecation, use _CRT_SECURE_NO_WARNINGS. See online help for details.
C:\Program Files (x86)\Windows Kits\10\Include\10.0.18362.0\ucrt\string.h(133): message : см. объявление "strcpy"
C:\Users\Максим\source\repos\VC_ACY\VC_ACY.cpp(181,2): warning C4996: 'strcpy': This function or variable may be unsafe. Consider using strcpy_s instead. To disable deprecation, use _CRT_SECURE_NO_WARNINGS. See online help for details.
C:\Program Files (x86)\Windows Kits\10\Include\10.0.18362.0\ucrt\string.h(133): message : см. объявление "strcpy"
C:\Users\Максим\source\repos\VC_ACY\VC_ACY.cpp(186,4): warning C4996: 'strcpy': This function or variable may be unsafe. Consider using strcpy_s instead. To disable deprecation, use _CRT_SECURE_NO_WARNINGS. See online help for details.
C:\Program Files (x86)\Windows Kits\10\Include\10.0.18362.0\ucrt\string.h(133): message : см. объявление "strcpy"
C:\Users\Максим\source\repos\VC_ACY\VC_ACY.cpp(207,2): warning C4996: 'strcpy': This function or variable may be unsafe. Consider using strcpy_s instead. To disable deprecation, use _CRT_SECURE_NO_WARNINGS. See online help for details.
C:\Program Files (x86)\Windows Kits\10\Include\10.0.18362.0\ucrt\string.h(133): message : см. объявление "strcpy"
C:\Users\Максим\source\repos\VC_ACY\VC_ACY.cpp(208,2): warning C4996: 'strcat': This function or variable may be unsafe. Consider using strcat_s instead. To disable deprecation, use _CRT_SECURE_NO_WARNINGS. See online help for details.
C:\Program Files (x86)\Windows Kits\10\Include\10.0.18362.0\ucrt\string.h(90): message : см. объявление "strcat"
C:\Users\Максим\source\repos\VC_ACY\VC_ACY.cpp(210,2): warning C4996: 'strcat': This function or variable may be unsafe. Consider using strcat_s instead. To disable deprecation, use _CRT_SECURE_NO_WARNINGS. See online help for details.
C:\Program Files (x86)\Windows Kits\10\Include\10.0.18362.0\ucrt\string.h(90): message : см. объявление "strcat"
C:\Users\Максим\source\repos\VC_ACY\VC_ACY.cpp(211,2): warning C4996: 'strcat': This function or variable may be unsafe. Consider using strcat_s instead. To disable deprecation, use _CRT_SECURE_NO_WARNINGS. See online help for details.
C:\Program Files (x86)\Windows Kits\10\Include\10.0.18362.0\ucrt\string.h(90): message : см. объявление "strcat"
C:\Users\Максим\source\repos\VC_ACY\VC_ACY.cpp(209,1): warning C4996: 'strncpy': This function or variable may be unsafe. Consider using strncpy_s instead. To disable deprecation, use _CRT_SECURE_NO_WARNINGS. See online help for details.
C:\Program Files (x86)\Windows Kits\10\Include\10.0.18362.0\ucrt\string.h(338): message : см. объявление "strncpy"
C:\Users\Максим\source\repos\VC_ACY\VC_ACY.cpp(212,1): warning C4996: 'strncat': This function or variable may be unsafe. Consider using strncat_s instead. To disable deprecation, use _CRT_SECURE_NO_WARNINGS. See online help for details.
C:\Program Files (x86)\Windows Kits\10\Include\10.0.18362.0\ucrt\string.h(266): message : см. объявление "strncat"
C:\Users\Максим\source\repos\VC_ACY\VC_ACY.cpp(239,1): warning C4996: 'getch': The POSIX name for this item is deprecated. Instead, use the ISO C and C++ conformant name: _getch. See online help for details.
C:\Program Files (x86)\Windows Kits\10\Include\10.0.18362.0\ucrt\conio.h(453): message : см. объявление "getch"
C:\Users\Максим\source\repos\VC_ACY\VC_ACY.cpp(257,1): warning C4996: 'getch': The POSIX name for this item is deprecated. Instead, use the ISO C and C++ conformant name: _getch. See online help for details.
C:\Program Files (x86)\Windows Kits\10\Include\10.0.18362.0\ucrt\conio.h(453): message : см. объявление "getch"
C:\Users\Максим\source\repos\VC_ACY\VC_ACY.cpp(276,1): warning C4996: 'getch': The POSIX name for this item is deprecated. Instead, use the ISO C and C++ conformant name: _getch. See online help for details.
C:\Program Files (x86)\Windows Kits\10\Include\10.0.18362.0\ucrt\conio.h(453): message : см. объявление "getch"
C:\Users\Максим\source\repos\VC_ACY\VC_ACY.cpp(287,2): warning C4996: 'strcpy': This function or variable may be unsafe. Consider using strcpy_s instead. To disable deprecation, use _CRT_SECURE_NO_WARNINGS. See online help for details.
C:\Program Files (x86)\Windows Kits\10\Include\10.0.18362.0\ucrt\string.h(133): message : см. объявление "strcpy"
C:\Users\Максим\source\repos\VC_ACY\VC_ACY.cpp(310,1): warning C4996: 'getch': The POSIX name for this item is deprecated. Instead, use the ISO C and C++ conformant name: _getch. See online help for details.
C:\Program Files (x86)\Windows Kits\10\Include\10.0.18362.0\ucrt\conio.h(453): message : см. объявление "getch"
C:\Users\Максим\source\repos\VC_ACY\VC_ACY.cpp(324,11): error C2039: Foreg: не является членом "System::Console"
C:\Users\Максим\source\repos\VC_ACY\VC_ACY.cpp(325,3): error C2065: Foreg: необъявленный идентификатор
C:\Users\Максим\source\repos\VC_ACY\VC_ACY.cpp(325,3): error C2146: синтаксическая ошибка: отсутствие ";" перед идентификатором "roundColor"
C:\Users\Максим\source\repos\VC_ACY\VC_ACY.cpp(325,3): error C2065: roundColor: необъявленный идентификатор
C:\Users\Максим\source\repos\VC_ACY\VC_ACY.cpp(335,1): warning C4996: 'sprintf': This function or variable may be unsafe. Consider using sprintf_s instead. To disable deprecation, use _CRT_SECURE_NO_WARNINGS. See online help for details.
C:\Program Files (x86)\Windows Kits\10\Include\10.0.18362.0\ucrt\stdio.h(1774): message : см. объявление "sprintf"
C:\Users\Максим\source\repos\VC_ACY\VC_ACY.cpp(336,1): warning C4996: 'sprintf': This function or variable may be unsafe. Consider using sprintf_s instead. To disable deprecation, use _CRT_SECURE_NO_WARNINGS. See online help for details.
C:\Program Files (x86)\Windows Kits\10\Include\10.0.18362.0\ucrt\stdio.h(1774): message : см. объявление "sprintf"
C:\Users\Максим\source\repos\VC_ACY\VC_ACY.cpp(351,1): warning C4996: 'getch': The POSIX name for this item is deprecated. Instead, use the ISO C and C++ conformant name: _getch. See online help for details.
C:\Program Files (x86)\Windows Kits\10\Include\10.0.18362.0\ucrt\conio.h(453): message : см. объявление "getch"
  Создание кода...
